This is TeX, Version 3.14159 (C version 6.1) (format=latex 96.10.15)  23 AUG 2000 02:29
**proposal
(proposal.tex
LaTeX2e <1996/06/01>
Hyphenation patterns for english, german, loaded.
(/share/unix/packages/TeX/texmf/tex/latex/base/article.cls
Document Class: article 1996/05/26 v1.3r Standard LaTeX document class
(/share/unix/packages/TeX/texmf/tex/latex/base/size10.clo
File: size10.clo 1996/05/26 v1.3r Standard LaTeX file (size option)
)
\c@part=\count79
\c@section=\count80
\c@subsection=\count81
\c@subsubsection=\count82
\c@paragraph=\count83
\c@subparagraph=\count84
\c@figure=\count85
\c@table=\count86
\abovecaptionskip=\skip41
\belowcaptionskip=\skip42
\bibindent=\dimen102
)
(/proj/demsys/lib/latex2html/texinputs/html.sty
Package: html 1999/07/19 v1.38 hypertext commands for latex2html (nd, hws, rrm)

\c@lpart=\count87
\c@lchapter=\count88
\c@chapter=\count89
\c@lsection=\count90
\c@lsubsection=\count91
\c@lsubsubsection=\count92
\c@lparagraph=\count93
\c@lsubparagraph=\count94
\c@lsubsubparagraph=\count95
\ptrfile=\write3
) (defs.tex) (proposal.aux)
LaTeX Font Info:    Checking defaults for OML/cmm/m/it on input line 17.
LaTeX Font Info:    ... okay on input line 17.
LaTeX Font Info:    Checking defaults for T1/cmr/m/n on input line 17.
LaTeX Font Info:    ... okay on input line 17.
LaTeX Font Info:    Checking defaults for OT1/cmr/m/n on input line 17.
LaTeX Font Info:    ... okay on input line 17.
LaTeX Font Info:    Checking defaults for OMS/cmsy/m/n on input line 17.
LaTeX Font Info:    ... okay on input line 17.
LaTeX Font Info:    Checking defaults for OMX/cmex/m/n on input line 17.
LaTeX Font Info:    ... okay on input line 17.
LaTeX Font Info:    Checking defaults for U/cmr/m/n on input line 17.
LaTeX Font Info:    ... okay on input line 17.
LaTeX Font Info:    External font `cmex10' loaded for size
(Font)              <12> on input line 24.
LaTeX Font Info:    External font `cmex10' loaded for size
(Font)              <8> on input line 24.
LaTeX Font Info:    External font `cmex10' loaded for size
(Font)              <6> on input line 24.

[1

]

LaTeX Font Warning: Font shape `OT1/cmtt/bx/n' in size <10> not available
(Font)              Font shape `OT1/cmtt/m/n' tried instead on input line 143.

LaTeX Font Info:    Try loading font information for OMS+cmtt on input line 174
.
LaTeX Font Info:    No file OMScmtt.fd. on input line 174.

LaTeX Font Warning: Font shape `OMS/cmtt/m/n' undefined
(Font)              using `OMS/cmsy/m/n' instead
(Font)              for symbol `textbraceleft' on input line 174.

[2] [3] [4]
LaTeX Font Info:    External font `cmex10' loaded for size
(Font)              <7> on input line 365.
LaTeX Font Info:    External font `cmex10' loaded for size
(Font)              <5> on input line 365.
 [5] [6]
Overfull \hbox (9.47496pt too wide) in paragraph at lines 501--518
\OT1/cmr/m/n/10 stack depth and num-ber of ticks) avail-able to a block of code
 can be spec-i-fied with a \OT1/cmtt/m/n/10 rlimits(\OT1/cmr/m/it/10 depth\OT1/
cmtt/m/n/10 ,
 []

[7]
Overfull \hbox (6.62071pt too wide) in paragraph at lines 627--640
\OT1/cmr/m/n/10 find them-selves re-peat-ing the same code in verb af-ter verb:
 in-spect \OT1/cmtt/m/n/10 caller \OT1/cmr/m/n/10 and/or \OT1/cmtt/m/n/10 calle
r[]perms()
 []

[8] [9] [10] [11]
Overfull \hbox (34.22607pt too wide) in paragraph at lines 931--931
[]\OT1/cmtt/m/n/10 (add-method! initialize ((p <colored-point>) (xx <number>) (
yy <number>) (c <symbol>))[] 
 []

[12] [13] [14] [15] [16] [17] (proposal.bbl
Overfull \hbox (33.64331pt too wide) in paragraph at lines 49--58
\OT1/cmtt/m/n/10 http://www.cs.washington.edu/research/projects/cecil/www/Paper
s/BeCecil.html\OT1/cmr/m/n/10 . 
 []

[18]
Overfull \hbox (28.39336pt too wide) in paragraph at lines 116--123
\OT1/cmtt/m/n/10 http://www.parc.xerox.com/csl/groups/sda/publications/papers/K
iczales-AMOP/\OT1/cmr/m/n/10 . 
 []

[19]) [20] (proposal.aux)

LaTeX Font Warning: Some font shapes were not available, defaults substituted.

 ) 
Here is how much of TeX's memory you used:
 566 strings out of 10910
 5950 string characters out of 72011
 52509 words of memory out of 262141
 3490 multiletter control sequences out of 9500
 8101 words of font info for 29 fonts, out of 150000 for 255
 14 hyphenation exceptions out of 607
 23i,8n,18p,177b,361s stack positions out of 300i,40n,60p,3000b,4000s

Output written on proposal.dvi (20 pages, 91540 bytes).
