This is TeX, Version 3.14159 (Web2C 7.3.1) (format=latex 2002.1.15)  17 MAY 2002 13:45
**comprehensive
(comprehensive.tex
LaTeX2e <1999/12/01> patch level 1
Babel <v3.6Z> and hyphenation patterns for american, french, german, ngerman, n
ohyphenation, loaded.
(/arch/unix/packages/teTeX-1.0.7/share/texmf/tex/latex/base/slides.cls
Document Class: slides 1997/08/15 v2.3z Standard LaTeX document class
(/arch/unix/packages/teTeX-1.0.7/share/texmf/tex/latex/base/slides.def
File: slides.def 1997/08/15 v2.3z SLiTeX definitions
 hacks,
slides,
\c@page=\count79
 picture, mods,
\@smashboxa=\box26
\@smashboxb=\box27
\@smashboxc=\box28
 output, init)
(/arch/unix/packages/teTeX-1.0.7/share/texmf/tex/latex/base/sfonts.def
File: sfonts.def 1998/06/12 v2.2e Standard LaTeX slide font definitions

(/arch/unix/packages/teTeX-1.0.7/share/texmf/tex/latex/base/ot1lcmss.fd
File: ot1lcmss.fd 1998/06/12 v2.2e Standard LaTeX slide font definitions
))
\c@minutes=\count80
\c@seconds=\count81
\c@mv@invisible=\count82
LaTeX Font Info:    Overwriting symbol font `operators' in version `normal'
(Font)                  OT1/cmr/m/n --> OT1/lcmss/m/n on input line 364.
LaTeX Font Info:    Overwriting symbol font `letters' in version `normal'
(Font)                  OML/cmm/m/it --> OML/lcmm/m/it on input line 367.
LaTeX Font Info:    Overwriting symbol font `symbols' in version `normal'
(Font)                  OMS/cmsy/m/n --> OMS/lcmsy/m/n on input line 369.
LaTeX Font Info:    Overwriting symbol font `largesymbols' in version `normal'
(Font)                  OMX/cmex/m/n --> OMX/lcmex/m/n on input line 371.
LaTeX Font Info:    Overwriting symbol font `operators' in version `invisible'
(Font)                  OT1/cmr/m/n --> OT1/lcmss/m/In on input line 374.
LaTeX Font Info:    Overwriting symbol font `letters' in version `invisible'
(Font)                  OML/cmm/m/it --> OML/lcmm/m/Iit on input line 376.
LaTeX Font Info:    Overwriting symbol font `symbols' in version `invisible'
(Font)                  OMS/cmsy/m/n --> OMS/lcmsy/m/In on input line 378.
LaTeX Font Info:    Overwriting symbol font `largesymbols' in version `invisibl
e'
(Font)                  OMX/cmex/m/n --> OMX/lcmex/m/In on input line 380.
)
(/arch/unix/packages/teTeX-1.0.7/share/texmf/tex/latex/amsmath/amsmath.sty
Package: amsmath 2000/01/15 v2.05 AMS math features
\@mathmargin=\skip41

For additional information on amsmath, use the `?' option.
(/arch/unix/packages/teTeX-1.0.7/share/texmf/tex/latex/amsmath/amstext.sty
Package: amstext 1999/11/15 v2.0

(/arch/unix/packages/teTeX-1.0.7/share/texmf/tex/latex/amsmath/amsgen.sty
File: amsgen.sty 1999/11/30 v2.0
\@emptytoks=\toks14
\ex@=\dimen102
))
(/arch/unix/packages/teTeX-1.0.7/share/texmf/tex/latex/amsmath/amsbsy.sty
Package: amsbsy 1999/11/29 v1.2d
\pmbraise@=\dimen103
)
(/arch/unix/packages/teTeX-1.0.7/share/texmf/tex/latex/amsmath/amsopn.sty
Package: amsopn 1999/12/14 v2.01 operator names
)
\inf@bad=\count83
LaTeX Info: Redefining \frac on input line 198.
\uproot@=\count84
\leftroot@=\count85
LaTeX Info: Redefining \overline on input line 302.
\classnum@=\count86
\DOTSCASE@=\count87
LaTeX Info: Redefining \ldots on input line 376.
LaTeX Info: Redefining \dots on input line 379.
LaTeX Info: Redefining \cdots on input line 464.
\Mathstrutbox@=\box29
\strutbox@=\box30
\big@size=\dimen104
LaTeX Font Info:    Redeclaring font encoding OML on input line 563.
LaTeX Font Info:    Redeclaring font encoding OMS on input line 564.
\macc@skew=\dimen105
\c@MaxMatrixCols=\count88
\dotsspace@=\muskip10
\c@parentequation=\count89
\dspbrk@lvl=\count90
\tag@help=\toks15
\row@=\count91
\column@=\count92
\maxfields@=\count93
\andhelp@=\toks16
\eqnshift@=\dimen106
\alignsep@=\dimen107
\tagshift@=\dimen108
\tagwidth@=\dimen109
\totwidth@=\dimen110
\lineht@=\dimen111
\@envbody=\toks17
\multlinegap=\skip42
\multlinetaggap=\skip43
LaTeX Info: Redefining \[ on input line 2594.
LaTeX Info: Redefining \] on input line 2595.
)
(comprehensive.aux)
\openout1 = `comprehensive.aux'.

LaTeX Font Info:    Checking defaults for OML/cmm/m/it on input line 9.
LaTeX Font Info:    ... okay on input line 9.
LaTeX Font Info:    Checking defaults for T1/cmr/m/n on input line 9.
LaTeX Font Info:    ... okay on input line 9.
LaTeX Font Info:    Checking defaults for OT1/lcmss/m/n on input line 9.
LaTeX Font Info:    ... okay on input line 9.
LaTeX Font Info:    Checking defaults for OMS/cmsy/m/n on input line 9.
LaTeX Font Info:    ... okay on input line 9.
LaTeX Font Info:    Checking defaults for OMX/cmex/m/n on input line 9.
LaTeX Font Info:    ... okay on input line 9.
LaTeX Font Info:    Checking defaults for U/cmr/m/n on input line 9.
LaTeX Font Info:    ... okay on input line 9.
 [0

] [1] [2] [3] [4]
LaTeX Font Info:    Try loading font information for OML+lcmm on input line 62.


(/arch/unix/packages/teTeX-1.0.7/share/texmf/tex/latex/base/omllcmm.fd
File: omllcmm.fd 1998/06/12 v2.2e Standard LaTeX slide font definitions
)
LaTeX Font Info:    Try loading font information for OMS+lcmsy on input line 62
.

(/arch/unix/packages/teTeX-1.0.7/share/texmf/tex/latex/base/omslcmsy.fd
File: omslcmsy.fd 1998/06/12 v2.2e Standard LaTeX slide font definitions
)
LaTeX Font Info:    Try loading font information for OMX+lcmex on input line 62
.

(/arch/unix/packages/teTeX-1.0.7/share/texmf/tex/latex/base/omxlcmex.fd
File: omxlcmex.fd 1998/06/12 v2.2e Standard LaTeX slide font definitions
)
LaTeX Font Info:    External font `cmex10 at17.28pt' loaded for size
(Font)              <19.907> on input line 62.
LaTeX Font Info:    External font `cmex10 at17.28pt' loaded for size
(Font)              <16.59> on input line 62.
LaTeX Font Info:    External font `cmex10 at17.28pt' loaded for size
(Font)              <13.82> on input line 62.
LaTeX Font Info:    Try loading font information for OT1+lcmtt on input line 62
.

(/arch/unix/packages/teTeX-1.0.7/share/texmf/tex/latex/base/ot1lcmtt.fd
File: ot1lcmtt.fd 1998/06/12 v2.2e Standard LaTeX slide font definitions
)
[5] [6] [7] [8] [9] [10] [11] [12] [13] (comprehensive.aux) ) 
Here is how much of TeX's memory you used:
 877 strings out of 61438
 10613 string characters out of 71896
 57973 words of memory out of 1100001
 3854 multiletter control sequences out of 10000+0
 7902 words of font info for 29 fonts, out of 400000 for 1000
 14 hyphenation exceptions out of 1000
 27i,4n,20p,205b,262s stack positions out of 300i,100n,500p,300000b,4000s

Output written on comprehensive.dvi (14 pages, 8060 bytes).
